Fri, 11 Mar 2016 12:42:33 GMT INFO
------------------Logging Start-------------------------
method->putObjectByFile args->a:1:{i:0;a:4:{s:6:"Bucket";s:19:"2.bucket.ks3.mi.com";s:3:"Key";s:89:"827621043-0-827645026-1457700153-bbb27436aca9e2f3369306106c5320c4@2.bucket.ks3.mi.com.txt";s:3:"ACL";s:11:"public-read";s:7:"Content";a:2:{s:7:"content";s:33:"/home/yudylaw/yudy/share/user.txt";s:13:"seek_position";i:0;}}}
key encoding ASCII
stringToSing->
PUT

text/plain
Fri, 11 Mar 2016 12:42:33 GMT
x-kss-acl:public-read
/2.bucket.ks3.mi.com/827621043-0-827645026-1457700153-bbb27436aca9e2f3369306106c5320c4%402.bucket.ks3.mi.com.txt
request url->s:135:"http://2.bucket.ks3.mi.com.kssws.ks-cdn.com/827621043-0-827645026-1457700153-bbb27436aca9e2f3369306106c5320c4%402.bucket.ks3.mi.com.txt";
request headers->a:5:{s:10:"User-Agent";s:15:"ks3-kss-php-sdk";s:9:"x-kss-acl";s:11:"public-read";s:12:"Content-Type";s:10:"text/plain";s:4:"Date";s:29:"Fri, 11 Mar 2016 12:42:33 GMT";s:13:"Authorization";s:53:"KSS h8JH8Vay5+Lt471kMbJM:nbmr/j0Pn38Zgbq3j4Z/2qdtRAU=";}
request body->
request read stream length->6
request read stream seek position->0
response code->200
response headers->a:12:{s:4:"date";s:29:"Fri, 11 Mar 2016 12:43:07 GMT";s:6:"server";s:7:"Tengine";s:14:"content-length";s:1:"0";s:21:"x-application-context";s:11:"application";s:16:"x-kss-request-id";s:32:"bf9732ba78da4b7081a761ee4f7baae2";s:6:"taskid";s:0:"";s:4:"etag";s:34:""c456756c0598a0711501eeffff8c0b6a"";s:19:"timing-allow-origin";s:1:"*";s:7:"x-cache";s:25:"MISS from cache.51cdn.com";s:5:"x-via";s:41:"1.1 anwangtong5:8 (Cdn Cache Server V2.0)";s:10:"connection";s:10:"keep-alive";s:5:"_info";a:27:{s:3:"url";s:135:"http://2.bucket.ks3.mi.com.kssws.ks-cdn.com/827621043-0-827645026-1457700153-bbb27436aca9e2f3369306106c5320c4%402.bucket.ks3.mi.com.txt";s:12:"content_type";N;s:9:"http_code";i:200;s:11:"header_size";i:477;s:12:"request_size";i:571;s:8:"filetime";i:-1;s:17:"ssl_verify_result";i:0;s:14:"redirect_count";i:0;s:10:"total_time";d:0.29940600000000001;s:15:"namelookup_time";d:0.12446400000000001;s:12:"connect_time";d:0.153948;s:16:"pretransfer_time";d:0.15400800000000001;s:11:"size_upload";d:6;s:13:"size_download";d:0;s:14:"speed_download";d:0;s:12:"speed_upload";d:20;s:23:"download_content_length";d:0;s:21:"upload_content_length";d:6;s:18:"starttransfer_time";d:0.225631;s:13:"redirect_time";d:0;s:12:"redirect_url";s:0:"";s:10:"primary_ip";s:14:"61.156.243.247";s:8:"certinfo";a:0:{}s:12:"primary_port";i:80;s:8:"local_ip";s:12:"10.237.93.40";s:10:"local_port";i:51175;s:6:"method";s:3:"PUT";}}
response body->
------------------Logging End-------------------------

Fri, 11 Mar 2016 12:45:22 GMT INFO
------------------Logging Start-------------------------
method->putObjectByFile args->a:1:{i:0;a:4:{s:6:"Bucket";s:19:"2.bucket.ks3.mi.com";s:3:"Key";s:89:"827621043-0-827645026-1457700321-ddab42c0c5d01acf8d6e42380e6d081e@2.bucket.ks3.mi.com.txt";s:3:"ACL";s:11:"public-read";s:7:"Content";a:2:{s:7:"content";s:33:"/home/yudylaw/yudy/share/user.txt";s:13:"seek_position";i:0;}}}
key encoding ASCII
stringToSing->
PUT

text/plain
Fri, 11 Mar 2016 12:45:21 GMT
x-kss-acl:public-read
/2.bucket.ks3.mi.com/827621043-0-827645026-1457700321-ddab42c0c5d01acf8d6e42380e6d081e%402.bucket.ks3.mi.com.txt
request url->s:135:"http://2.bucket.ks3.mi.com.kssws.ks-cdn.com/827621043-0-827645026-1457700321-ddab42c0c5d01acf8d6e42380e6d081e%402.bucket.ks3.mi.com.txt";
request headers->a:5:{s:10:"User-Agent";s:15:"ks3-kss-php-sdk";s:9:"x-kss-acl";s:11:"public-read";s:12:"Content-Type";s:10:"text/plain";s:4:"Date";s:29:"Fri, 11 Mar 2016 12:45:21 GMT";s:13:"Authorization";s:53:"KSS h8JH8Vay5+Lt471kMbJM:8Gx5HWG3mmetVjtnqyCJvxA9ib8=";}
request body->
request read stream length->6
request read stream seek position->0
response code->200
response headers->a:12:{s:4:"date";s:29:"Fri, 11 Mar 2016 12:45:55 GMT";s:6:"server";s:7:"Tengine";s:14:"content-length";s:1:"0";s:21:"x-application-context";s:11:"application";s:16:"x-kss-request-id";s:32:"edcdbdf7900d478c897f80750bef4839";s:6:"taskid";s:0:"";s:4:"etag";s:34:""c456756c0598a0711501eeffff8c0b6a"";s:19:"timing-allow-origin";s:1:"*";s:7:"x-cache";s:25:"MISS from cache.51cdn.com";s:5:"x-via";s:42:"1.1 tewangtong32:3 (Cdn Cache Server V2.0)";s:10:"connection";s:10:"keep-alive";s:5:"_info";a:27:{s:3:"url";s:135:"http://2.bucket.ks3.mi.com.kssws.ks-cdn.com/827621043-0-827645026-1457700321-ddab42c0c5d01acf8d6e42380e6d081e%402.bucket.ks3.mi.com.txt";s:12:"content_type";N;s:9:"http_code";i:200;s:11:"header_size";i:479;s:12:"request_size";i:571;s:8:"filetime";i:-1;s:17:"ssl_verify_result";i:0;s:14:"redirect_count";i:0;s:10:"total_time";d:0.24273900000000004;s:15:"namelookup_time";d:0.060318999999999998;s:12:"connect_time";d:0.074523000000000006;s:16:"pretransfer_time";d:0.074568999999999996;s:11:"size_upload";d:6;s:13:"size_download";d:0;s:14:"speed_download";d:0;s:12:"speed_upload";d:24;s:23:"download_content_length";d:0;s:21:"upload_content_length";d:6;s:18:"starttransfer_time";d:0.17008400000000001;s:13:"redirect_time";d:0;s:12:"redirect_url";s:0:"";s:10:"primary_ip";s:13:"110.18.247.41";s:8:"certinfo";a:0:{}s:12:"primary_port";i:80;s:8:"local_ip";s:12:"10.237.93.40";s:10:"local_port";i:45682;s:6:"method";s:3:"PUT";}}
response body->
------------------Logging End-------------------------

Fri, 11 Mar 2016 12:46:28 GMT INFO
------------------Logging Start-------------------------
method->putObjectByFile args->a:1:{i:0;a:4:{s:6:"Bucket";s:19:"2.bucket.ks3.mi.com";s:3:"Key";s:89:"827621043-0-827645026-1457700387-a76c9ada7fb3c7651ce9cec7558fd1d5@2.bucket.ks3.mi.com.txt";s:3:"ACL";s:11:"public-read";s:7:"Content";a:2:{s:7:"content";s:33:"/home/yudylaw/yudy/share/user.txt";s:13:"seek_position";i:0;}}}
key encoding ASCII
stringToSing->
PUT

text/plain
Fri, 11 Mar 2016 12:46:27 GMT
x-kss-acl:public-read
/2.bucket.ks3.mi.com/827621043-0-827645026-1457700387-a76c9ada7fb3c7651ce9cec7558fd1d5%402.bucket.ks3.mi.com.txt
request url->s:135:"http://2.bucket.ks3.mi.com.kssws.ks-cdn.com/827621043-0-827645026-1457700387-a76c9ada7fb3c7651ce9cec7558fd1d5%402.bucket.ks3.mi.com.txt";
request headers->a:5:{s:10:"User-Agent";s:15:"ks3-kss-php-sdk";s:9:"x-kss-acl";s:11:"public-read";s:12:"Content-Type";s:10:"text/plain";s:4:"Date";s:29:"Fri, 11 Mar 2016 12:46:27 GMT";s:13:"Authorization";s:53:"KSS h8JH8Vay5+Lt471kMbJM:5xQCJQ60GvQhfR/XdYY5uiFDdWY=";}
request body->
request read stream length->6
request read stream seek position->0
response code->200
response headers->a:12:{s:4:"date";s:29:"Fri, 11 Mar 2016 12:47:02 GMT";s:6:"server";s:7:"Tengine";s:14:"content-length";s:1:"0";s:21:"x-application-context";s:11:"application";s:16:"x-kss-request-id";s:32:"46eab08d05ec43f78be0d234143a0f8d";s:6:"taskid";s:0:"";s:4:"etag";s:34:""c456756c0598a0711501eeffff8c0b6a"";s:19:"timing-allow-origin";s:1:"*";s:7:"x-cache";s:25:"MISS from cache.51cdn.com";s:5:"x-via";s:42:"1.1 tewangtong30:8 (Cdn Cache Server V2.0)";s:10:"connection";s:10:"keep-alive";s:5:"_info";a:27:{s:3:"url";s:135:"http://2.bucket.ks3.mi.com.kssws.ks-cdn.com/827621043-0-827645026-1457700387-a76c9ada7fb3c7651ce9cec7558fd1d5%402.bucket.ks3.mi.com.txt";s:12:"content_type";N;s:9:"http_code";i:200;s:11:"header_size";i:479;s:12:"request_size";i:571;s:8:"filetime";i:-1;s:17:"ssl_verify_result";i:0;s:14:"redirect_count";i:0;s:10:"total_time";d:0.70954499999999998;s:15:"namelookup_time";d:0.50890299999999999;s:12:"connect_time";d:0.52296900000000002;s:16:"pretransfer_time";d:0.52301900000000001;s:11:"size_upload";d:6;s:13:"size_download";d:0;s:14:"speed_download";d:0;s:12:"speed_upload";d:8;s:23:"download_content_length";d:0;s:21:"upload_content_length";d:6;s:18:"starttransfer_time";d:0.62909400000000004;s:13:"redirect_time";d:0;s:12:"redirect_url";s:0:"";s:10:"primary_ip";s:13:"110.18.247.41";s:8:"certinfo";a:0:{}s:12:"primary_port";i:80;s:8:"local_ip";s:12:"10.237.93.40";s:10:"local_port";i:45697;s:6:"method";s:3:"PUT";}}
response body->
------------------Logging End-------------------------

